<?xml version="1.0" encoding="UTF-8"?>
<!-- Generated by org.testng.reporters.JUnitReportReporter -->
<testsuite hostname="Aparna" failures="0" tests="1" name="com.test.testcases.LoginTest" time="1.206" errors="0" timestamp="2022-09-17T21:41:44 EDT" skipped="0">
  <testcase classname="com.test.testcases.LoginTest" name="mngrLoginTest" time="1.206"/>
  <system-out>
    <![CDATA['''''''''Login Successfull''''''''''']]>
  </system-out>
</testsuite> <!-- com.test.testcases.LoginTest -->
